TN:
SF:src\admin\CrearReservaAdmin.jsx
FN:8,(anonymous_0)
FN:21,(anonymous_1)
FN:25,(anonymous_2)
FN:30,(anonymous_3)
FN:33,(anonymous_4)
FN:44,(anonymous_5)
FN:67,(anonymous_6)
FN:154,(anonymous_7)
FN:165,(anonymous_8)
FNF:9
FNH:7
FNDA:7,(anonymous_0)
FNDA:6,(anonymous_1)
FNDA:1,(anonymous_2)
FNDA:1,(anonymous_3)
FNDA:1,(anonymous_4)
FNDA:1,(anonymous_5)
FNDA:0,(anonymous_6)
FNDA:84,(anonymous_7)
FNDA:0,(anonymous_8)
DA:8,1
DA:9,7
DA:18,7
DA:19,7
DA:21,7
DA:22,6
DA:25,7
DA:26,1
DA:28,1
DA:29,1
DA:30,1
DA:32,1
DA:34,1
DA:38,1
DA:39,0
DA:40,0
DA:43,1
DA:44,1
DA:46,1
DA:47,1
DA:48,1
DA:51,0
DA:52,0
DA:58,0
DA:59,0
DA:60,0
DA:62,0
DA:63,0
DA:67,7
DA:68,0
DA:76,0
DA:77,0
DA:80,7
DA:155,84
DA:165,0
LF:35
LH:22
BRDA:34,0,0,1
BRDA:34,0,1,0
BRDA:34,0,2,0
BRDA:38,1,0,0
BRDA:38,1,1,1
BRDA:44,2,0,1
BRDA:44,2,1,1
BRDA:44,2,2,1
BRDA:46,3,0,1
BRDA:46,3,1,0
BRF:10
BRH:6
end_of_record
TN:
SF:src\admin\Dashboard.jsx
FN:21,FilaReserva
FN:33,(anonymous_1)
FN:36,(anonymous_2)
FN:45,(anonymous_3)
FN:61,(anonymous_4)
FN:65,(anonymous_5)
FN:66,(anonymous_6)
FN:67,(anonymous_7)
FN:68,(anonymous_8)
FN:75,(anonymous_9)
FN:79,(anonymous_10)
FN:91,(anonymous_11)
FN:101,(anonymous_12)
FN:114,(anonymous_13)
FN:131,(anonymous_14)
FN:146,(anonymous_15)
FN:151,(anonymous_16)
FN:153,(anonymous_17)
FN:156,(anonymous_18)
FN:175,(anonymous_19)
FN:230,(anonymous_20)
FN:259,(anonymous_21)
FN:282,(anonymous_22)
FN:283,(anonymous_23)
FNF:24
FNH:22
FNDA:8,FilaReserva
FNDA:2,(anonymous_1)
FNDA:1,(anonymous_2)
FNDA:17,(anonymous_3)
FNDA:6,(anonymous_4)
FNDA:6,(anonymous_5)
FNDA:8,(anonymous_6)
FNDA:8,(anonymous_7)
FNDA:8,(anonymous_8)
FNDA:6,(anonymous_9)
FNDA:12,(anonymous_10)
FNDA:1,(anonymous_11)
FNDA:1,(anonymous_12)
FNDA:1,(anonymous_13)
FNDA:2,(anonymous_14)
FNDA:1,(anonymous_15)
FNDA:2,(anonymous_16)
FNDA:2,(anonymous_17)
FNDA:2,(anonymous_18)
FNDA:1,(anonymous_19)
FNDA:13,(anonymous_20)
FNDA:48,(anonymous_21)
FNDA:0,(anonymous_22)
FNDA:0,(anonymous_23)
DA:21,3
DA:22,8
DA:33,2
DA:36,1
DA:45,3
DA:46,17
DA:48,17
DA:49,17
DA:50,17
DA:53,17
DA:54,17
DA:57,17
DA:58,17
DA:61,17
DA:62,6
DA:64,6
DA:65,6
DA:66,8
DA:67,8
DA:68,8
DA:70,6
DA:71,6
DA:72,6
DA:75,6
DA:79,17
DA:80,12
DA:81,12
DA:82,12
DA:91,17
DA:92,1
DA:93,1
DA:94,1
DA:97,0
DA:101,17
DA:102,1
DA:103,1
DA:104,1
DA:105,1
DA:106,2
DA:110,0
DA:114,17
DA:115,1
DA:116,1
DA:117,1
DA:118,1
DA:119,3
DA:120,3
DA:121,2
DA:126,0
DA:131,17
DA:132,2
DA:143,2
DA:146,17
DA:147,1
DA:148,1
DA:151,17
DA:152,2
DA:153,2
DA:156,17
DA:157,2
DA:158,2
DA:160,2
DA:161,0
DA:162,0
DA:165,2
DA:167,2
DA:174,2
DA:175,2
DA:177,2
DA:178,1
DA:179,1
DA:183,1
DA:184,1
DA:187,1
DA:188,1
DA:190,1
DA:193,0
DA:194,0
DA:198,17
DA:199,0
DA:202,17
DA:231,13
DA:260,48
DA:282,0
DA:283,0
LF:85
LH:75
BRDA:31,0,0,8
BRDA:31,0,1,0
BRDA:62,1,0,0
BRDA:62,1,1,6
BRDA:92,2,0,0
BRDA:92,2,1,1
BRDA:102,3,0,0
BRDA:102,3,1,1
BRDA:115,4,0,0
BRDA:115,4,1,1
BRDA:120,5,0,2
BRDA:120,5,1,1
BRDA:134,6,0,2
BRDA:134,6,1,0
BRDA:135,7,0,2
BRDA:135,7,1,0
BRDA:136,8,0,2
BRDA:136,8,1,0
BRDA:137,9,0,2
BRDA:137,9,1,0
BRDA:138,10,0,2
BRDA:138,10,1,0
BRDA:139,11,0,2
BRDA:139,11,1,0
BRDA:140,12,0,2
BRDA:140,12,1,0
BRDA:141,13,0,2
BRDA:141,13,1,0
BRDA:157,14,0,0
BRDA:157,14,1,2
BRDA:160,15,0,0
BRDA:160,15,1,2
BRDA:160,16,0,2
BRDA:160,16,1,2
BRDA:160,16,2,2
BRDA:160,16,3,2
BRDA:160,16,4,2
BRDA:160,16,5,2
BRDA:177,17,0,1
BRDA:177,17,1,1
BRDA:187,18,0,1
BRDA:187,18,1,0
BRDA:198,19,0,0
BRDA:198,19,1,17
BRDA:229,20,0,10
BRDA:229,20,1,7
BRDA:246,21,0,17
BRDA:246,21,1,4
BRDA:246,21,2,4
BRF:49
BRH:32
end_of_record
TN:
SF:src\components\ModalYaReservado.jsx
FN:4,ModalYaReservado
FN:25,(anonymous_1)
FN:28,(anonymous_2)
FN:38,(anonymous_3)
FN:47,(anonymous_4)
FNF:5
FNH:3
FNDA:25,ModalYaReservado
FNDA:25,(anonymous_1)
FNDA:0,(anonymous_2)
FNDA:2,(anonymous_3)
FNDA:0,(anonymous_4)
DA:17,25
DA:20,25
DA:21,25
DA:22,25
DA:25,25
DA:26,25
DA:28,2
DA:29,0
DA:32,2
DA:35,2
DA:36,2
DA:38,2
DA:39,2
DA:40,2
DA:44,25
DA:47,2
DA:48,0
DA:49,0
DA:53,2
LF:19
LH:16
BRDA:10,0,0,8
BRDA:11,1,0,8
BRDA:20,2,0,25
BRDA:20,2,1,0
BRDA:21,3,0,25
BRDA:21,3,1,25
BRDA:22,4,0,25
BRDA:22,4,1,25
BRDA:26,5,0,23
BRDA:26,5,1,2
BRDA:29,6,0,0
BRDA:29,6,1,0
BRDA:44,7,0,23
BRDA:44,7,1,2
BRDA:48,8,0,0
BRDA:48,8,1,0
BRDA:84,9,0,2
BRDA:84,9,1,2
BRDA:88,10,0,2
BRDA:88,10,1,2
BRDA:111,11,0,2
BRDA:111,11,1,1
BRF:22
BRH:17
end_of_record
